<?xml version="1.0" encoding="UTF-8"?>
<testng-results ignored="0" total="1" passed="1" failed="0" skipped="0">
  <reporter-output>
  </reporter-output>
  <suite started-at="2025-12-09T22:50:34 IST" name="Default suite" finished-at="2025-12-09T22:50:41 IST" duration-ms="6850">
    <groups>
    </groups>
    <test started-at="2025-12-09T22:50:34 IST" name="Default test" finished-at="2025-12-09T22:50:41 IST" duration-ms="6850">
      <class name="Tests.login_test">
        <test-method is-config="true" signature="setup()[pri:0, instance:Tests.login_test@1b66c0fb]" started-at="2025-12-09T22:50:34 IST" name="setup" finished-at="2025-12-09T22:50:40 IST" duration-ms="5482" status="PASS">
          <reporter-output>
          </reporter-output>
        </test-method> <!-- setup -->
        <test-method signature="testEmptyUsernamePassword()[pri:1, instance:Tests.login_test@1b66c0fb]" started-at="2025-12-09T22:50:40 IST" name="testEmptyUsernamePassword" finished-at="2025-12-09T22:50:41 IST" duration-ms="965" status="PASS">
          <reporter-output>
          </reporter-output>
        </test-method> <!-- testEmptyUsernamePassword -->
        <test-method is-config="true" signature="close()[pri:0, instance:Tests.login_test@1b66c0fb]" started-at="2025-12-09T22:50:41 IST" name="close" finished-at="2025-12-09T22:50:41 IST" duration-ms="203" status="PASS">
          <reporter-output>
          </reporter-output>
        </test-method> <!-- close -->
      </class> <!-- Tests.login_test -->
    </test> <!-- Default test -->
  </suite> <!-- Default suite -->
</testng-results>
